<?xml version="1.0" encoding="UTF-8"?>
<!-- Generated by org.testng.reporters.JUnitReportReporter -->
<testsuite skipped="0" hostname="DESKTOP-7SFELJ4" name="test_case.Zad3Test" tests="4" failures="0" timestamp="2020-07-15T23:34:58 CEST" time="0.432" errors="0">
  <testcase name="enterPB" time="0.207" classname="test_case.Zad3Test"/>
  <system-out/>
  <testcase name="clickRB" time="0.077" classname="test_case.Zad3Test"/>
  <system-out/>
  <testcase name="hiddenTxt" time="0.055" classname="test_case.Zad3Test"/>
  <system-out/>
  <testcase name="clickOnBtn" time="0.093" classname="test_case.Zad3Test"/>
  <system-out/>
</testsuite> <!-- test_case.Zad3Test -->
